current directory: c:/RailsInstaller/Ruby2.3.0/lib/ruby/gems/2.3.0/gems/puma-3.6.2/ext/puma_http11
c:/RailsInstaller/Ruby2.3.0/bin/ruby.exe -r ./siteconf20170111-12724-7jqv6t.rb extconf.rb
checking for BIO_read() in -lcrypto... no
checking for BIO_read() in -llibeay32... no
creating Makefile

To see why this extension failed to compile, please check the mkmf.log which can be found here:

  c:/RailsInstaller/Ruby2.3.0/lib/ruby/gems/2.3.0/extensions/x86-mingw32/2.3.0/puma-3.6.2/mkmf.log

current directory: c:/RailsInstaller/Ruby2.3.0/lib/ruby/gems/2.3.0/gems/puma-3.6.2/ext/puma_http11
make "DESTDIR=" clean

current directory: c:/RailsInstaller/Ruby2.3.0/lib/ruby/gems/2.3.0/gems/puma-3.6.2/ext/puma_http11
make "DESTDIR="
generating puma_http11-i386-mingw32.def
compiling http11_parser.c
ext/puma_http11/http11_parser.rl: In function 'puma_parser_execute':
ext/puma_http11/http11_parser.rl:111:3: warning: comparison between signed and unsigned integer expressions [-Wsign-compare]
compiling io_buffer.c
compiling mini_ssl.c
mini_ssl.c: In function 'Init_mini_ssl':
mini_ssl.c:439:14: warning: unused variable 'eng' [-Wunused-variable]
compiling puma_http11.c
linking shared-object puma/puma_http11.so

current directory: c:/RailsInstaller/Ruby2.3.0/lib/ruby/gems/2.3.0/gems/puma-3.6.2/ext/puma_http11
make "DESTDIR=" install
/usr/bin/install -c -m 0755 puma_http11.so ./.gem.20170111-12724-zqwt9/puma
